<?xml version="1.0" encoding="UTF-8"?>
<testsuite name="ru.stqa.pft.addressbook.tests.GroupModificationTest" tests="1" skipped="0" failures="0" errors="0" timestamp="2019-07-20T19:03:55" hostname="LAPTOP-2G0E3QHA" time="2.331">
  <properties/>
  <testcase name="testGroupModification" classname="ru.stqa.pft.addressbook.tests.GroupModificationTest" time="2.331"/>
  <system-out><![CDATA[]]></system-out>
  <system-err><![CDATA[]]></system-err>
</testsuite>
