<?xml version="1.0" encoding="UTF-8"?>
<testsuite name="ru.stqa.pft.addressbook.tests.GroupDeletionTest" tests="1" skipped="0" failures="0" errors="0" timestamp="2019-07-20T19:03:57" hostname="LAPTOP-2G0E3QHA" time="1.464">
  <properties/>
  <testcase name="testGroupDeletion" classname="ru.stqa.pft.addressbook.tests.GroupDeletionTest" time="1.464"/>
  <system-out><![CDATA[]]></system-out>
  <system-err><![CDATA[]]></system-err>
</testsuite>
