<?xml version="1.0" encoding="UTF-8"?>
<testsuite name="ru.stqa.pft.addressbook.tests.GroupCreationTest" tests="3" skipped="0" failures="0" errors="0" timestamp="2019-07-20T12:01:14" hostname="LAPTOP-2G0E3QHA" time="11.796">
  <properties/>
  <testcase name="testGroupCreation[0](GroupData{id=2147483647, name='test 0'})" classname="ru.stqa.pft.addressbook.tests.GroupCreationTest" time="4.938"/>
  <testcase name="testGroupCreation[1](GroupData{id=2147483647, name='test 1'})" classname="ru.stqa.pft.addressbook.tests.GroupCreationTest" time="3.363"/>
  <testcase name="testGroupCreation[2](GroupData{id=2147483647, name='test 2'})" classname="ru.stqa.pft.addressbook.tests.GroupCreationTest" time="3.495"/>
  <system-out><![CDATA[]]></system-out>
  <system-err><![CDATA[]]></system-err>
</testsuite>
